TIME 0 0.0
TIME 10 6.0
TIME 24 16.0
TIME 31 19.0
TIME 37 21.0
TIME 41 21.0
TIME 45 21.0
TIME 49 21.0
TIME 53 21.0
TIME 57 21.0
TIME 61 21.0
TIME 65 21.0
TIME 69 21.0
TIME 73 21.0
TIME 77 21.0
TIME 81 21.0
TIME 85 21.0
TIME 90 22.0
TIME 94 22.0
TIME 98 22.0
TIME 102 22.0
TIME 106 22.0
TIME 110 22.0
TIME 114 22.0
TIME 118 22.0
TIME 122 22.0
TIME 127 23.0
TIME 131 23.0
TIME 135 23.0
TIME 139 23.0
TIME 143 23.0
TIME 147 23.0
TIME 152 24.0
TIME 156 24.0
TIME 160 24.0
TIME 164 24.0
TIME 168 24.0
TIME 172 24.0
TIME 176 24.0
TIME 180 24.0
TIME 184 24.0
TIME 188 24.0
TIME 192 24.0
TIME 196 24.0
TIME 200 24.0
TIME 204 24.0
TIME 208 24.0
TIME 212 24.0
TIME 218 26.0
TIME 224 28.0
TIME 228 28.0
TIME 232 28.0
TIME 236 28.0
TIME 240 28.0
TIME 244 28.0
TIME 248 28.0
TIME 252 28.0
TIME 256 28.0
TIME 260 28.0
TIME 264 28.0
TIME 270 30.0
TIME 274 30.0
TIME 278 30.0
TIME 282 30.0
TIME 286 30.0
TIME 290 30.0
TIME 294 30.0
TIME 298 30.0
TIME 302 30.0
TIME 306 30.0
TIME 310 30.0
TIME 314 30.0
TIME 318 30.0
TIME 322 30.0
TIME 326 30.0
TIME 330 30.0
TIME 334 30.0
TIME 338 30.0
TIME 342 30.0
TIME 346 30.0
TIME 350 30.0
TIME 354 30.0
TIME 358 30.0
TIME 362 30.0
TIME 366 30.0
TIME 372 32.0
TIME 378 34.0
TIME 382 34.0
TIME 386 34.0
TIME 390 34.0
TIME 394 34.0
TIME 398 34.0
TIME 402 34.0
TIME 406 34.0
TIME 410 34.0
TIME 414 34.0
TIME 418 34.0
TIME 422 34.0
TIME 426 34.0
TIME 430 34.0
TIME 435 35.0
TIME 439 35.0
TIME 443 35.0
TIME 447 35.0
TIME 451 35.0
TIME 455 35.0
TIME 459 35.0
TIME 463 35.0
TIME 467 35.0
TIME 471 35.0
TIME 475 35.0
TIME 480 36.0
TIME 484 36.0
TIME 488 36.0
TIME 492 36.0
TIME 496 36.0
TIME 500 36.0
TIME 504 36.0
TIME 508 36.0
TIME 512 36.0
TIME 516 36.0
TIME 520 36.0
TIME 526 38.0
TIME 530 38.0
TIME 534 38.0
TIME 538 38.0
TIME 542 38.0
TIME 546 38.0
TIME 550 38.0
TIME 554 38.0
TIME 558 38.0
TIME 562 38.0
TIME 566 38.0
TIME 571 39.0
TIME 575 39.0
TIME 580 40.0
TIME 584 40.0
TIME 588 40.0
TIME 592 40.0
TIME 596 40.0
TIME 600 40.0
TIME 604 40.0
TIME 608 40.0
TIME 612 40.0
TIME 616 40.0
TIME 620 40.0
TIME 624 40.0
TIME 628 40.0
TIME 632 40.0
TIME 636 40.0
TIME 640 40.0
TIME 644 40.0
TIME 648 40.0
TIME 652 40.0
TIME 656 40.0
TIME 660 40.0
TIME 665 41.0
TIME 670 42.0
TIME 674 42.0
TIME 678 42.0
TIME 682 42.0
TIME 686 42.0
TIME 690 42.0
TIME 694 42.0
TIME 698 42.0
TIME 702 42.0
TIME 706 42.0
TIME 710 42.0
TIME 714 42.0
TIME 718 42.0
TIME 722 42.0
TIME 726 42.0
TIME 730 42.0
TIME 734 42.0
TIME 738 42.0
TIME 742 42.0
TIME 747 43.0
TIME 751 43.0
TIME 755 43.0
TIME 759 43.0
TIME 763 43.0
TIME 767 43.0
TIME 771 43.0
TIME 775 43.0
TIME 780 44.0
TIME 784 44.0
TIME 788 44.0
TIME 792 44.0
TIME 796 44.0
TIME 800 44.0
TIME 804 44.0
TIME 809 45.0
TIME 813 45.0
TIME 817 45.0
TIME 821 45.0
TIME 828 48.0
TIME 833 49.0
TIME 838 50.0
TIME 842 50.0
TIME 846 50.0
TIME 850 50.0
TIME 854 50.0
TIME 858 50.0
TIME 862 50.0
TIME 866 50.0
TIME 870 50.0
TIME 874 50.0
TIME 878 50.0
TIME 882 50.0
TIME 886 50.0
TIME 890 50.0
TIME 894 50.0
TIME 898 50.0
TIME 902 50.0
TIME 906 50.0
TIME 910 50.0
TIME 914 50.0
TIME 918 50.0
TIME 922 50.0
TIME 926 50.0
TIME 931 51.0
TIME 935 51.0
TIME 939 51.0
TIME 943 51.0
TIME 947 51.0
TIME 951 51.0
TIME 955 51.0
TIME 959 51.0
TIME 964 52.0
TIME 969 53.0
TIME 973 53.0
TIME 978 54.0
TIME 982 54.0
TIME 987 55.0
TIME 991 55.0
TIME 995 55.0
TIME 999 55.0
TIME 1003 55.0
TIME 1007 55.0
TIME 1011 55.0
TIME 1015 55.0
TIME 1019 55.0
TIME 1023 55.0
TIME 1027 55.0
TIME 1031 55.0
TIME 1035 55.0
TIME 1039 55.0
TIME 1043 55.0
TIME 1047 55.0
TIME 1051 55.0
TIME 1055 55.0
TIME 1059 55.0
TIME 1063 55.0
TIME 1067 55.0
TIME 1071 55.0
TIME 1075 55.0
TIME 1079 55.0
TIME 1083 55.0
TIME 1087 55.0
TIME 1091 55.0
TIME 1095 55.0
TIME 1099 55.0
TIME 1103 55.0
TIME 1107 55.0
TIME 1111 55.0
TIME 1115 55.0
TIME 1119 55.0
TIME 1123 55.0
TIME 1129 57.0
TIME 1134 58.0
TIME 1138 58.0
TIME 1142 58.0
TIME 1146 58.0
TIME 1152 60.0
TIME 1156 60.0
TIME 1160 60.0
TIME 1164 60.0
TIME 1168 60.0
TIME 1172 60.0
TIME 1176 60.0
TIME 1180 60.0
TIME 1184 60.0
TIME 1188 60.0
TIME 1192 60.0
TIME 1196 60.0
TIME 1200 60.0
TIME 1204 60.0
TIME 1208 60.0
TIME 1212 60.0
TIME 1216 60.0
TIME 1220 60.0
TIME 1224 60.0
TIME 1228 60.0
TIME 1232 60.0
TIME 1236 60.0
TIME 1240 60.0
TIME 1244 60.0
TIME 1248 60.0
TIME 1252 60.0
TIME 1256 60.0
TIME 1261 61.0
TIME 1265 61.0
TIME 1269 61.0
TIME 1273 61.0
TIME 1277 61.0
TIME 1281 61.0
TIME 1286 62.0
TIME 1290 62.0
TIME 1294 62.0
TIME 1298 62.0
TIME 1302 62.0
TIME 1306 62.0
TIME 1310 62.0
TIME 1314 62.0
TIME 1318 62.0
TIME 1322 62.0
TIME 1326 62.0
TIME 1330 62.0
TIME 1334 62.0
TIME 1338 62.0
TIME 1342 62.0
TIME 1346 62.0
TIME 1350 62.0
TIME 1354 62.0
TIME 1358 62.0
TIME 1362 62.0
TIME 1366 62.0
TIME 1370 62.0
TIME 1374 62.0
TIME 1378 62.0
TIME 1382 62.0
TIME 1386 62.0
TIME 1390 62.0
TIME 1394 62.0
TIME 1398 62.0
TIME 1402 62.0
TIME 1407 63.0
TIME 1411 63.0
TIME 1415 63.0
TIME 1419 63.0
TIME 1423 63.0
TIME 1430 66.0
TIME 1434 66.0
TIME 1438 66.0
TIME 1442 66.0
TIME 1446 66.0
TIME 1450 66.0
TIME 1454 66.0
TIME 1458 66.0
TIME 1462 66.0
TIME 1466 66.0
TIME 1470 66.0
TIME 1474 66.0
TIME 1478 66.0
TIME 1482 66.0
TIME 1486 66.0
TIME 1490 66.0
TIME 1494 66.0
TIME 1498 66.0
TIME 1502 66.0
TIME 1506 66.0
TIME 1510 66.0
TIME 1514 66.0
TIME 1519 67.0
TIME 1523 67.0
TIME 1527 67.0
TIME 1531 67.0
TIME 1535 67.0
TIME 1539 67.0
TIME 1543 67.0
TIME 1547 67.0
TIME 1551 67.0
TIME 1555 67.0
TIME 1559 67.0
TIME 1563 67.0
TIME 1567 67.0
TIME 1571 67.0
TIME 1575 67.0
TIME 1579 67.0
TIME 1583 67.0
TIME 1587 67.0
TIME 1591 67.0
TIME 1595 67.0
TIME 1599 67.0
TIME 1603 67.0
TIME 1607 67.0
TIME 1611 67.0
TIME 1615 67.0
TIME 1619 67.0
TIME 1623 67.0
TIME 1627 67.0
TIME 1631 67.0
TIME 1635 67.0
TIME 1639 67.0
TIME 1643 67.0
TIME 1647 67.0
TIME 1651 67.0
TIME 1655 67.0
TIME 1659 67.0
TIME 1663 67.0
TIME 1667 67.0
TIME 1671 67.0
TIME 1675 67.0
TIME 1679 67.0
TIME 1683 67.0
TIME 1687 67.0
TIME 1691 67.0
TIME 1695 67.0
TIME 1699 67.0
TIME 1703 67.0
TIME 1707 67.0
TIME 1711 67.0
TIME 1715 67.0
TIME 1719 67.0
TIME 1723 67.0
TIME 1727 67.0
TIME 1731 67.0
TIME 1736 68.0
TIME 1741 69.0
TIME 1745 69.0
TIME 1749 69.0
TIME 1753 69.0
TIME 1757 69.0
TIME 1761 69.0
TIME 1767 71.0
TIME 1771 71.0
TIME 1776 72.0
TIME 1780 72.0
TIME 1784 72.0
TIME 1788 72.0
TIME 1792 72.0
TIME 1796 72.0
TIME 1800 72.0
TIME 1804 72.0
TIME 1808 72.0
TIME 1812 72.0
TIME 1816 72.0
TIME 1820 72.0
TIME 1824 72.0
TIME 1828 72.0
TIME 1832 72.0
TIME 1836 72.0
TIME 1840 72.0
TIME 1844 72.0
TIME 1848 72.0
TIME 1852 72.0
TIME 1856 72.0
TIME 1860 72.0
TIME 1864 72.0
TIME 1868 72.0
TIME 1872 72.0
TIME 1876 72.0
TIME 1880 72.0
TIME 1884 72.0
TIME 1888 72.0
TIME 1892 72.0
TIME 1896 72.0
TIME 1900 72.0
TIME 1904 72.0
TIME 1909 73.0
TIME 1914 74.0
TIME 1918 74.0
TIME 1922 74.0
TIME 1926 74.0
TIME 1930 74.0
TIME 1934 74.0
TIME 1938 74.0
TIME 1942 74.0
TIME 1946 74.0
TIME 1950 74.0
TIME 1954 74.0
TIME 1958 74.0
TIME 1962 74.0
TIME 1966 74.0
TIME 1970 74.0
TIME 1974 74.0
TIME 1978 74.0
TIME 1982 74.0
TIME 1986 74.0
TIME 1990 74.0
TIME 1994 74.0
TIME 1998 74.0
TIME 2002 74.0
TIME 2006 74.0
TIME 2010 74.0
TIME 2014 74.0
TIME 2018 74.0
TIME 2022 74.0
TIME 2026 74.0
TIME 2030 74.0
TIME 2034 74.0
TIME 2039 75.0
TIME 2043 75.0
TIME 2048 76.0
TIME 2052 76.0
TIME 2056 76.0
TIME 2061 77.0
TIME 2065 77.0
TIME 2069 77.0
TIME 2073 77.0
TIME 2077 77.0
TIME 2081 77.0
TIME 2085 77.0
TIME 2089 77.0
TIME 2093 77.0
TIME 2098 78.0
TIME 2102 78.0
TIME 2106 78.0
TIME 2110 78.0
TIME 2114 78.0
TIME 2118 78.0
TIME 2122 78.0
TIME 2126 78.0
TIME 2130 78.0
TIME 2134 78.0
TIME 2138 78.0
TIME 2142 78.0
TIME 2146 78.0
TIME 2150 78.0
TIME 2154 78.0
TIME 2158 78.0
TIME 2162 78.0
TIME 2166 78.0
TIME 2170 78.0
TIME 2174 78.0
TIME 2178 78.0
TIME 2182 78.0
TIME 2186 78.0
TIME 2190 78.0
TIME 2194 78.0
TIME 2198 78.0
TIME 2202 78.0
TIME 2206 78.0
TIME 2210 78.0
TIME 2214 78.0
TIME 2218 78.0
TIME 2222 78.0
TIME 2226 78.0
TIME 2230 78.0
TIME 2234 78.0
TIME 2238 78.0
TIME 2242 78.0
TIME 2246 78.0
